============
date: Thu, Nov 14, 2024  2:19:26 PM
Top Scorer:
1. martino: 3
2. aaaaaaaaa: 2
============
============
date: Fri Nov 15 05:57:34 PST 2024
Top Scorer:
1. martino: 3
2. aaaaaaaaa: 2
============
============
date: Fri Nov 15 05:58:04 PST 2024
Top Scorer:
1. martino: 3
2. aaaaaaaaa: 2
============
============
date: Fri Nov 15 05:59:03 PST 2024
Top Scorer:
1. martino: 3
2. aaaaaaaaa: 2
============
============
date: Fri Nov 15 06:00:03 PST 2024
Top Scorer:
1. martino: 3
2. aaaaaaaaa: 2
============
============
date: Fri Nov 15 06:01:04 PST 2024
Top Scorer:
1. martino: 3
2. aaaaaaaaa: 2
============
============
date: Fri Nov 15 06:02:03 PST 2024
Top Scorer:
1. martino: 3
2. aaaaaaaaa: 2
============
============
date: Fri Nov 15 06:03:03 PST 2024
Top Scorer:
1. martino: 3
2. aaaaaaaaa: 2
============
============
date: Fri Nov 15 06:04:03 PST 2024
Top Scorer:
1. martino: 3
2. aaaaaaaaa: 2
============
============
date: Fri Nov 15 06:05:03 PST 2024
Top Scorer:
1. martino: 3
2. aaaaaaaaa: 2
============
============
date: Fri Nov 15 06:06:04 PST 2024
Top Scorer:
1. martino: 3
2. aaaaaaaaa: 2
============
============
date: Fri Nov 15 06:07:04 PST 2024
Top Scorer:
1. martino: 3
2. aaaaaaaaa: 2
============
============
date: Fri Nov 15 06:08:04 PST 2024
Top Scorer:
1. martino: 3
2. aaaaaaaaa: 2
============
============
date: Fri Nov 15 06:09:03 PST 2024
Top Scorer:
1. martino: 3
2. aaaaaaaaa: 2
============
============
date: Fri Nov 15 06:10:04 PST 2024
Top Scorer:
1. martino: 3
2. aaaaaaaaa: 2
============
============
date: Fri Nov 15 06:11:04 PST 2024
Top Scorer:
1. martino: 3
2. aaaaaaaaa: 2
============
============
date: Fri Nov 15 06:12:05 PST 2024
Top Scorer:
1. martino: 3
2. aaaaaaaaa: 2
============
============
date: Fri Nov 15 06:13:03 PST 2024
Top Scorer:
1. martino: 3
2. aaaaaaaaa: 2
============
============
date: Fri Nov 15 06:14:04 PST 2024
Top Scorer:
1. martino: 3
2. aaaaaaaaa: 2
============
============
date: Fri Nov 15 06:15:05 PST 2024
Top Scorer:
1. martino: 3
2. aaaaaaaaa: 2
============
============
date: Fri Nov 15 06:16:04 PST 2024
Top Scorer:
1. martino: 3
2. aaaaaaaaa: 2
============
============
date: Fri Nov 15 06:17:03 PST 2024
Top Scorer:
1. martino: 3
2. aaaaaaaaa: 2
============
============
date: Fri Nov 15 06:18:05 PST 2024
Top Scorer:
1. martino: 3
2. aaaaaaaaa: 2
============
============
date: Fri Nov 15 06:19:04 PST 2024
Top Scorer:
1. martino: 3
2. aaaaaaaaa: 2
============
============
date: Fri Nov 15 06:20:05 PST 2024
Top Scorer:
1. martino: 3
2. aaaaaaaaa: 2
============
============
date: Fri Nov 15 06:21:04 PST 2024
Top Scorer:
1. martino: 3
2. aaaaaaaaa: 2
============
============
date: Fri Nov 15 06:22:04 PST 2024
Top Scorer:
1. martino: 3
2. aaaaaaaaa: 2
============
============
date: Fri Nov 15 06:23:04 PST 2024
Top Scorer:
1. martino: 3
2. aaaaaaaaa: 2
============
============
date: Fri Nov 15 06:24:03 PST 2024
Top Scorer:
1. martino: 3
2. aaaaaaaaa: 2
============
============
date: Fri Nov 15 06:31:02 PST 2024
Top Scorer:
1. martino: 3
2. aaaaaaaaa: 2
============
============
date: Fri Nov 15 06:32:03 PST 2024
Top Scorer:
1. martino: 3
2. aaaaaaaaa: 2
============
============
date: Fri Nov 15 06:33:04 PST 2024
Top Scorer:
1. martino: 3
2. aaaaaaaaa: 2
============
============
date: Fri Nov 15 06:34:04 PST 2024
Top Scorer:
1. martino: 3
2. aaaaaaaaa: 2
============
============
date: Fri Nov 15 06:35:03 PST 2024
Top Scorer:
1. martino: 3
2. aaaaaaaaa: 2
============
============
date: Fri Nov 15 06:36:05 PST 2024
Top Scorer:
1. martino: 3
2. aaaaaaaaa: 2
============
============
date: Fri Nov 15 06:37:02 PST 2024
Top Scorer:
1. martino: 3
2. aaaaaaaaa: 2
============
============
date: Fri Nov 15 06:38:05 PST 2024
Top Scorer:
1. martino: 3
2. aaaaaaaaa: 2
============
============
date: Fri Nov 15 06:39:04 PST 2024
Top Scorer:
1. martino: 3
2. aaaaaaaaa: 2
============
============
date: Fri Nov 15 06:40:04 PST 2024
Top Scorer:
1. martino: 3
2. aaaaaaaaa: 2
============
============
date: Fri Nov 15 06:41:03 PST 2024
Top Scorer:
1. martino: 3
2. aaaaaaaaa: 2
============
============
date: Fri Nov 15 06:42:04 PST 2024
Top Scorer:
1. martino: 3
2. aaaaaaaaa: 2
============
============
date: Fri Nov 15 06:43:02 PST 2024
Top Scorer:
1. martino: 3
2. aaaaaaaaa: 2
============
============
date: Fri Nov 15 06:44:03 PST 2024
Top Scorer:
1. martino: 3
2. aaaaaaaaa: 2
============
============
date: Fri Nov 15 06:45:03 PST 2024
Top Scorer:
1. martino: 3
2. aaaaaaaaa: 2
============
============
date: Fri Nov 15 06:46:03 PST 2024
Top Scorer:
1. martino: 3
2. aaaaaaaaa: 2
============
============
date: Fri Nov 15 06:47:03 PST 2024
Top Scorer:
1. martino: 3
2. aaaaaaaaa: 2
============
============
date: Fri Nov 15 06:48:03 PST 2024
Top Scorer:
1. martino: 3
2. aaaaaaaaa: 2
============
============
date: Fri Nov 15 06:49:02 PST 2024
Top Scorer:
1. martino: 3
2. aaaaaaaaa: 2
============
============
date: Fri Nov 15 06:50:04 PST 2024
Top Scorer:
1. martino: 3
2. aaaaaaaaa: 2
============
============
date: Fri Nov 15 06:51:02 PST 2024
Top Scorer:
1. martino: 3
2. aaaaaaaaa: 2
============
============
date: Fri Nov 15 06:52:03 PST 2024
Top Scorer:
1. martino: 3
2. aaaaaaaaa: 2
============
============
date: Fri Nov 15 06:53:04 PST 2024
Top Scorer:
1. martino: 3
2. aaaaaaaaa: 2
============
============
date: Fri Nov 15 06:54:03 PST 2024
Top Scorer:
1. martino: 3
2. aaaaaaaaa: 2
============
============
date: Fri Nov 15 06:55:03 PST 2024
Top Scorer:
1. martino: 3
2. aaaaaaaaa: 2
============
============
date: Fri Nov 15 06:56:04 PST 2024
Top Scorer:
1. martino: 3
2. aaaaaaaaa: 2
============
============
date: Fri Nov 15 06:57:04 PST 2024
Top Scorer:
1. martino: 3
2. aaaaaaaaa: 2
============
============
date: Fri Nov 15 06:58:02 PST 2024
Top Scorer:
1. martino: 3
2. aaaaaaaaa: 2
============
============
date: Fri Nov 15 06:59:04 PST 2024
Top Scorer:
1. martino: 3
2. aaaaaaaaa: 2
============
============
date: Fri Nov 15 07:00:04 PST 2024
Top Scorer:
1. martino: 3
2. aaaaaaaaa: 2
============
============
date: Fri Nov 15 07:01:05 PST 2024
Top Scorer:
1. martino: 3
2. aaaaaaaaa: 2
============
============
date: Fri Nov 15 07:02:04 PST 2024
Top Scorer:
1. martino: 3
2. aaaaaaaaa: 2
============
============
date: Fri Nov 15 07:03:03 PST 2024
Top Scorer:
1. martino: 3
2. aaaaaaaaa: 2
============
============
date: Fri Nov 15 07:04:04 PST 2024
Top Scorer:
1. martino: 3
2. aaaaaaaaa: 2
============
============
date: Fri Nov 15 07:05:04 PST 2024
Top Scorer:
1. martino: 3
2. aaaaaaaaa: 2
============
